[2024-01-06T06:20:59.945+0000] {taskinstance.py:1157} INFO - Dependencies all met for dep_context=non-requeueable deps ti=<TaskInstance: sparking_flow.start scheduled__2024-01-05T00:00:00+00:00 [queued]>
[2024-01-06T06:20:59.956+0000] {taskinstance.py:1157} INFO - Dependencies all met for dep_context=requeueable deps ti=<TaskInstance: sparking_flow.start scheduled__2024-01-05T00:00:00+00:00 [queued]>
[2024-01-06T06:20:59.956+0000] {taskinstance.py:1359} INFO - Starting attempt 1 of 1
[2024-01-06T06:20:59.968+0000] {taskinstance.py:1380} INFO - Executing <Task(PythonOperator): start> on 2024-01-05 00:00:00+00:00
[2024-01-06T06:20:59.976+0000] {standard_task_runner.py:57} INFO - Started process 439 to run task
[2024-01-06T06:20:59.981+0000] {standard_task_runner.py:84} INFO - Running: ['***', 'tasks', 'run', 'sparking_flow', 'start', 'scheduled__2024-01-05T00:00:00+00:00', '--job-id', '3', '--raw', '--subdir', 'DAGS_FOLDER/spark_***.py', '--cfg-path', '/tmp/tmp9atxq9ek']
[2024-01-06T06:20:59.990+0000] {standard_task_runner.py:85} INFO - Job 3: Subtask start
[2024-01-06T06:21:00.104+0000] {task_command.py:415} INFO - Running <TaskInstance: sparking_flow.start scheduled__2024-01-05T00:00:00+00:00 [running]> on host 2e2e3a50c188
[2024-01-06T06:21:00.205+0000] {taskinstance.py:1660} INFO - Exporting env vars: AIRFLOW_CTX_DAG_OWNER='Yusuf Ganiyu' AIRFLOW_CTX_DAG_ID='sparking_flow' AIRFLOW_CTX_TASK_ID='start' AIRFLOW_CTX_EXECUTION_DATE='2024-01-05T00:00:00+00:00' AIRFLOW_CTX_TRY_NUMBER='1' AIRFLOW_CTX_DAG_RUN_ID='scheduled__2024-01-05T00:00:00+00:00'
[2024-01-06T06:21:00.207+0000] {logging_mixin.py:151} INFO - Jobs started
[2024-01-06T06:21:00.207+0000] {python.py:194} INFO - Done. Returned value was: None
[2024-01-06T06:21:00.219+0000] {taskinstance.py:1398} INFO - Marking task as SUCCESS. dag_id=sparking_flow, task_id=start, execution_date=20240105T000000, start_date=20240106T062059, end_date=20240106T062100
[2024-01-06T06:21:00.236+0000] {local_task_job_runner.py:228} INFO - Task exited with return code 0
[2024-01-06T06:21:00.261+0000] {taskinstance.py:2776} INFO - 1 downstream tasks scheduled from follow-on schedule check
[2024-01-06T06:49:18.236+0000] {taskinstance.py:1157} INFO - Dependencies all met for dep_context=non-requeueable deps ti=<TaskInstance: sparking_flow.start scheduled__2024-01-05T00:00:00+00:00 [queued]>
[2024-01-06T06:49:18.245+0000] {taskinstance.py:1157} INFO - Dependencies all met for dep_context=requeueable deps ti=<TaskInstance: sparking_flow.start scheduled__2024-01-05T00:00:00+00:00 [queued]>
[2024-01-06T06:49:18.245+0000] {taskinstance.py:1359} INFO - Starting attempt 1 of 1
[2024-01-06T06:49:18.255+0000] {taskinstance.py:1380} INFO - Executing <Task(PythonOperator): start> on 2024-01-05 00:00:00+00:00
[2024-01-06T06:49:18.261+0000] {standard_task_runner.py:57} INFO - Started process 424 to run task
[2024-01-06T06:49:18.265+0000] {standard_task_runner.py:84} INFO - Running: ['***', 'tasks', 'run', 'sparking_flow', 'start', 'scheduled__2024-01-05T00:00:00+00:00', '--job-id', '8', '--raw', '--subdir', 'DAGS_FOLDER/spark_***.py', '--cfg-path', '/tmp/tmpw5yyhn82']
[2024-01-06T06:49:18.270+0000] {standard_task_runner.py:85} INFO - Job 8: Subtask start
[2024-01-06T06:49:18.342+0000] {task_command.py:415} INFO - Running <TaskInstance: sparking_flow.start scheduled__2024-01-05T00:00:00+00:00 [running]> on host 2e2e3a50c188
[2024-01-06T06:49:18.447+0000] {taskinstance.py:1660} INFO - Exporting env vars: AIRFLOW_CTX_DAG_OWNER='Yusuf Ganiyu' AIRFLOW_CTX_DAG_ID='sparking_flow' AIRFLOW_CTX_TASK_ID='start' AIRFLOW_CTX_EXECUTION_DATE='2024-01-05T00:00:00+00:00' AIRFLOW_CTX_TRY_NUMBER='1' AIRFLOW_CTX_DAG_RUN_ID='scheduled__2024-01-05T00:00:00+00:00'
[2024-01-06T06:49:18.449+0000] {logging_mixin.py:151} INFO - Jobs started
[2024-01-06T06:49:18.450+0000] {python.py:194} INFO - Done. Returned value was: None
[2024-01-06T06:49:18.461+0000] {taskinstance.py:1398} INFO - Marking task as SUCCESS. dag_id=sparking_flow, task_id=start, execution_date=20240105T000000, start_date=20240106T064918, end_date=20240106T064918
[2024-01-06T06:49:18.478+0000] {local_task_job_runner.py:228} INFO - Task exited with return code 0
[2024-01-06T06:49:18.503+0000] {taskinstance.py:2776} INFO - 1 downstream tasks scheduled from follow-on schedule check
