[2024-01-06T06:49:19.121+0000] {taskinstance.py:1157} INFO - Dependencies all met for dep_context=non-requeueable deps ti=<TaskInstance: sparking_flow.python_job manual__2024-01-06T06:49:16.594463+00:00 [queued]>
[2024-01-06T06:49:19.130+0000] {taskinstance.py:1157} INFO - Dependencies all met for dep_context=requeueable deps ti=<TaskInstance: sparking_flow.python_job manual__2024-01-06T06:49:16.594463+00:00 [queued]>
[2024-01-06T06:49:19.131+0000] {taskinstance.py:1359} INFO - Starting attempt 1 of 1
[2024-01-06T06:49:19.140+0000] {taskinstance.py:1380} INFO - Executing <Task(SparkSubmitOperator): python_job> on 2024-01-06 06:49:16.594463+00:00
[2024-01-06T06:49:19.145+0000] {standard_task_runner.py:57} INFO - Started process 428 to run task
[2024-01-06T06:49:19.149+0000] {standard_task_runner.py:84} INFO - Running: ['***', 'tasks', 'run', 'sparking_flow', 'python_job', 'manual__2024-01-06T06:49:16.594463+00:00', '--job-id', '9', '--raw', '--subdir', 'DAGS_FOLDER/spark_***.py', '--cfg-path', '/tmp/tmpc8kpk529']
[2024-01-06T06:49:19.152+0000] {standard_task_runner.py:85} INFO - Job 9: Subtask python_job
[2024-01-06T06:49:19.218+0000] {task_command.py:415} INFO - Running <TaskInstance: sparking_flow.python_job manual__2024-01-06T06:49:16.594463+00:00 [running]> on host 2e2e3a50c188
[2024-01-06T06:49:19.300+0000] {taskinstance.py:1660} INFO - Exporting env vars: AIRFLOW_CTX_DAG_OWNER='Yusuf Ganiyu' AIRFLOW_CTX_DAG_ID='sparking_flow' AIRFLOW_CTX_TASK_ID='python_job' AIRFLOW_CTX_EXECUTION_DATE='2024-01-06T06:49:16.594463+00:00' AIRFLOW_CTX_TRY_NUMBER='1' AIRFLOW_CTX_DAG_RUN_ID='manual__2024-01-06T06:49:16.594463+00:00'
[2024-01-06T06:49:19.312+0000] {base.py:73} INFO - Using connection ID 'spark-conn' for task execution.
[2024-01-06T06:49:19.313+0000] {spark_submit.py:366} INFO - Spark-Submit cmd: spark-submit --master spark://spark-master:7077 --name arrow-spark jobs/python/wordcountjob.py
[2024-01-06T06:49:19.439+0000] {spark_submit.py:536} INFO - /home/***/.local/lib/python3.11/site-packages/pyspark/bin/load-spark-env.sh: line 68: ps: command not found
[2024-01-06T06:49:22.516+0000] {spark_submit.py:536} INFO - 24/01/06 06:49:22 INFO SparkContext: Running Spark version 3.5.0
[2024-01-06T06:49:22.519+0000] {spark_submit.py:536} INFO - 24/01/06 06:49:22 INFO SparkContext: OS info Linux, 6.4.16-linuxkit, amd64
[2024-01-06T06:49:22.519+0000] {spark_submit.py:536} INFO - 24/01/06 06:49:22 INFO SparkContext: Java version 11.0.21
[2024-01-06T06:49:22.603+0000] {spark_submit.py:536} INFO - 24/01/06 06:49:22 WARN NativeCodeLoader: Unable to load native-hadoop library for your platform... using builtin-java classes where applicable
[2024-01-06T06:49:22.722+0000] {spark_submit.py:536} INFO - 24/01/06 06:49:22 INFO ResourceUtils: ==============================================================
[2024-01-06T06:49:22.722+0000] {spark_submit.py:536} INFO - 24/01/06 06:49:22 INFO ResourceUtils: No custom resources configured for spark.driver.
[2024-01-06T06:49:22.723+0000] {spark_submit.py:536} INFO - 24/01/06 06:49:22 INFO ResourceUtils: ==============================================================
[2024-01-06T06:49:22.723+0000] {spark_submit.py:536} INFO - 24/01/06 06:49:22 INFO SparkContext: Submitted application: PythonWordCount
[2024-01-06T06:49:22.750+0000] {spark_submit.py:536} INFO - 24/01/06 06:49:22 INFO ResourceProfile: Default ResourceProfile created, executor resources: Map(memory -> name: memory, amount: 1024, script: , vendor: , offHeap -> name: offHeap, amount: 0, script: , vendor: ), task resources: Map(cpus -> name: cpus, amount: 1.0)
[2024-01-06T06:49:22.764+0000] {spark_submit.py:536} INFO - 24/01/06 06:49:22 INFO ResourceProfile: Limiting resource is cpu
[2024-01-06T06:49:22.765+0000] {spark_submit.py:536} INFO - 24/01/06 06:49:22 INFO ResourceProfileManager: Added ResourceProfile id: 0
[2024-01-06T06:49:22.822+0000] {spark_submit.py:536} INFO - 24/01/06 06:49:22 INFO SecurityManager: Changing view acls to: ***
[2024-01-06T06:49:22.823+0000] {spark_submit.py:536} INFO - 24/01/06 06:49:22 INFO SecurityManager: Changing modify acls to: ***
[2024-01-06T06:49:22.823+0000] {spark_submit.py:536} INFO - 24/01/06 06:49:22 INFO SecurityManager: Changing view acls groups to:
[2024-01-06T06:49:22.824+0000] {spark_submit.py:536} INFO - 24/01/06 06:49:22 INFO SecurityManager: Changing modify acls groups to:
[2024-01-06T06:49:22.825+0000] {spark_submit.py:536} INFO - 24/01/06 06:49:22 INFO SecurityManager: SecurityManager: authentication disabled; ui acls disabled; users with view permissions: ***; groups with view permissions: EMPTY; users with modify permissions: ***; groups with modify permissions: EMPTY
[2024-01-06T06:49:23.189+0000] {spark_submit.py:536} INFO - 24/01/06 06:49:23 INFO Utils: Successfully started service 'sparkDriver' on port 34237.
[2024-01-06T06:49:23.234+0000] {spark_submit.py:536} INFO - 24/01/06 06:49:23 INFO SparkEnv: Registering MapOutputTracker
[2024-01-06T06:49:23.288+0000] {spark_submit.py:536} INFO - 24/01/06 06:49:23 INFO SparkEnv: Registering BlockManagerMaster
[2024-01-06T06:49:23.319+0000] {spark_submit.py:536} INFO - 24/01/06 06:49:23 INFO BlockManagerMasterEndpoint: Using org.apache.spark.storage.DefaultTopologyMapper for getting topology information
[2024-01-06T06:49:23.320+0000] {spark_submit.py:536} INFO - 24/01/06 06:49:23 INFO BlockManagerMasterEndpoint: BlockManagerMasterEndpoint up
[2024-01-06T06:49:23.327+0000] {spark_submit.py:536} INFO - 24/01/06 06:49:23 INFO SparkEnv: Registering BlockManagerMasterHeartbeat
[2024-01-06T06:49:23.367+0000] {spark_submit.py:536} INFO - 24/01/06 06:49:23 INFO DiskBlockManager: Created local directory at /tmp/blockmgr-1195e14d-b7f6-404e-90ea-d4b41d409474
[2024-01-06T06:49:23.389+0000] {spark_submit.py:536} INFO - 24/01/06 06:49:23 INFO MemoryStore: MemoryStore started with capacity 434.4 MiB
[2024-01-06T06:49:23.414+0000] {spark_submit.py:536} INFO - 24/01/06 06:49:23 INFO SparkEnv: Registering OutputCommitCoordinator
[2024-01-06T06:49:23.580+0000] {spark_submit.py:536} INFO - 24/01/06 06:49:23 INFO JettyUtils: Start Jetty 0.0.0.0:4040 for SparkUI
[2024-01-06T06:49:23.650+0000] {spark_submit.py:536} INFO - 24/01/06 06:49:23 INFO Utils: Successfully started service 'SparkUI' on port 4040.
[2024-01-06T06:49:23.789+0000] {spark_submit.py:536} INFO - 24/01/06 06:49:23 INFO StandaloneAppClient$ClientEndpoint: Connecting to master spark://spark-master:7077...
[2024-01-06T06:49:23.842+0000] {spark_submit.py:536} INFO - 24/01/06 06:49:23 INFO TransportClientFactory: Successfully created connection to spark-master/172.18.0.2:7077 after 28 ms (0 ms spent in bootstraps)
[2024-01-06T06:49:24.043+0000] {spark_submit.py:536} INFO - 24/01/06 06:49:24 INFO StandaloneSchedulerBackend: Connected to Spark cluster with app ID app-20240106064924-0001
[2024-01-06T06:49:24.055+0000] {spark_submit.py:536} INFO - 24/01/06 06:49:24 INFO Utils: Successfully started service 'org.apache.spark.network.netty.NettyBlockTransferService' on port 44701.
[2024-01-06T06:49:24.056+0000] {spark_submit.py:536} INFO - 24/01/06 06:49:24 INFO NettyBlockTransferService: Server created on 2e2e3a50c188:44701
[2024-01-06T06:49:24.058+0000] {spark_submit.py:536} INFO - 24/01/06 06:49:24 INFO BlockManager: Using org.apache.spark.storage.RandomBlockReplicationPolicy for block replication policy
[2024-01-06T06:49:24.066+0000] {spark_submit.py:536} INFO - 24/01/06 06:49:24 INFO BlockManagerMaster: Registering BlockManager BlockManagerId(driver, 2e2e3a50c188, 44701, None)
[2024-01-06T06:49:24.070+0000] {spark_submit.py:536} INFO - 24/01/06 06:49:24 INFO BlockManagerMasterEndpoint: Registering block manager 2e2e3a50c188:44701 with 434.4 MiB RAM, BlockManagerId(driver, 2e2e3a50c188, 44701, None)
[2024-01-06T06:49:24.073+0000] {spark_submit.py:536} INFO - 24/01/06 06:49:24 INFO BlockManagerMaster: Registered BlockManager BlockManagerId(driver, 2e2e3a50c188, 44701, None)
[2024-01-06T06:49:24.075+0000] {spark_submit.py:536} INFO - 24/01/06 06:49:24 INFO BlockManager: Initialized BlockManager: BlockManagerId(driver, 2e2e3a50c188, 44701, None)
[2024-01-06T06:49:24.388+0000] {spark_submit.py:536} INFO - 24/01/06 06:49:24 INFO StandaloneSchedulerBackend: SchedulerBackend is ready for scheduling beginning after reached minRegisteredResourcesRatio: 0.0
[2024-01-06T06:49:25.132+0000] {spark_submit.py:536} INFO - 24/01/06 06:49:25 INFO SparkContext: Starting job: collect at /opt/***/jobs/python/wordcountjob.py:11
[2024-01-06T06:49:25.184+0000] {spark_submit.py:536} INFO - 24/01/06 06:49:25 INFO DAGScheduler: Registering RDD 2 (reduceByKey at /opt/***/jobs/python/wordcountjob.py:9) as input to shuffle 0
[2024-01-06T06:49:25.205+0000] {spark_submit.py:536} INFO - 24/01/06 06:49:25 INFO DAGScheduler: Got job 0 (collect at /opt/***/jobs/python/wordcountjob.py:11) with 2 output partitions
[2024-01-06T06:49:25.207+0000] {spark_submit.py:536} INFO - 24/01/06 06:49:25 INFO DAGScheduler: Final stage: ResultStage 1 (collect at /opt/***/jobs/python/wordcountjob.py:11)
[2024-01-06T06:49:25.209+0000] {spark_submit.py:536} INFO - 24/01/06 06:49:25 INFO DAGScheduler: Parents of final stage: List(ShuffleMapStage 0)
[2024-01-06T06:49:25.219+0000] {spark_submit.py:536} INFO - 24/01/06 06:49:25 INFO DAGScheduler: Missing parents: List(ShuffleMapStage 0)
[2024-01-06T06:49:25.223+0000] {spark_submit.py:536} INFO - 24/01/06 06:49:25 INFO DAGScheduler: Submitting ShuffleMapStage 0 (PairwiseRDD[2] at reduceByKey at /opt/***/jobs/python/wordcountjob.py:9), which has no missing parents
[2024-01-06T06:49:25.359+0000] {spark_submit.py:536} INFO - 24/01/06 06:49:25 INFO MemoryStore: Block broadcast_0 stored as values in memory (estimated size 11.3 KiB, free 434.4 MiB)
[2024-01-06T06:49:25.415+0000] {spark_submit.py:536} INFO - 24/01/06 06:49:25 INFO MemoryStore: Block broadcast_0_piece0 stored as bytes in memory (estimated size 7.1 KiB, free 434.4 MiB)
[2024-01-06T06:49:25.423+0000] {spark_submit.py:536} INFO - 24/01/06 06:49:25 INFO BlockManagerInfo: Added broadcast_0_piece0 in memory on 2e2e3a50c188:44701 (size: 7.1 KiB, free: 434.4 MiB)
[2024-01-06T06:49:25.431+0000] {spark_submit.py:536} INFO - 24/01/06 06:49:25 INFO SparkContext: Created broadcast 0 from broadcast at DAGScheduler.scala:1580
[2024-01-06T06:49:25.450+0000] {spark_submit.py:536} INFO - 24/01/06 06:49:25 INFO DAGScheduler: Submitting 2 missing tasks from ShuffleMapStage 0 (PairwiseRDD[2] at reduceByKey at /opt/***/jobs/python/wordcountjob.py:9) (first 15 tasks are for partitions Vector(0, 1))
[2024-01-06T06:49:25.452+0000] {spark_submit.py:536} INFO - 24/01/06 06:49:25 INFO TaskSchedulerImpl: Adding task set 0.0 with 2 tasks resource profile 0
[2024-01-06T06:49:28.931+0000] {spark_submit.py:536} INFO - 24/01/06 06:49:28 INFO StandaloneAppClient$ClientEndpoint: Executor added: app-20240106064924-0001/0 on worker-20240106062458-172.18.0.4-40585 (172.18.0.4:40585) with 2 core(s)
[2024-01-06T06:49:28.934+0000] {spark_submit.py:536} INFO - 24/01/06 06:49:28 INFO StandaloneSchedulerBackend: Granted executor ID app-20240106064924-0001/0 on hostPort 172.18.0.4:40585 with 2 core(s), 1024.0 MiB RAM
[2024-01-06T06:49:29.013+0000] {spark_submit.py:536} INFO - 24/01/06 06:49:29 INFO StandaloneAppClient$ClientEndpoint: Executor updated: app-20240106064924-0001/0 is now RUNNING
[2024-01-06T06:49:31.107+0000] {spark_submit.py:536} INFO - 24/01/06 06:49:31 INFO StandaloneSchedulerBackend$StandaloneDriverEndpoint: Registered executor NettyRpcEndpointRef(spark-client://Executor) (172.18.0.4:38450) with ID 0,  ResourceProfileId 0
[2024-01-06T06:49:31.162+0000] {spark_submit.py:536} INFO - 24/01/06 06:49:31 INFO BlockManagerMasterEndpoint: Registering block manager 172.18.0.4:44487 with 434.4 MiB RAM, BlockManagerId(0, 172.18.0.4, 44487, None)
[2024-01-06T06:49:31.210+0000] {spark_submit.py:536} INFO - 24/01/06 06:49:31 INFO TaskSetManager: Starting task 0.0 in stage 0.0 (TID 0) (172.18.0.4, executor 0, partition 0, PROCESS_LOCAL, 7655 bytes)
[2024-01-06T06:49:31.213+0000] {spark_submit.py:536} INFO - 24/01/06 06:49:31 INFO TaskSetManager: Starting task 1.0 in stage 0.0 (TID 1) (172.18.0.4, executor 0, partition 1, PROCESS_LOCAL, 7688 bytes)
[2024-01-06T06:49:31.413+0000] {spark_submit.py:536} INFO - 24/01/06 06:49:31 INFO BlockManagerInfo: Added broadcast_0_piece0 in memory on 172.18.0.4:44487 (size: 7.1 KiB, free: 434.4 MiB)
[2024-01-06T06:49:32.437+0000] {spark_submit.py:536} INFO - 24/01/06 06:49:32 INFO TaskSetManager: Finished task 1.0 in stage 0.0 (TID 1) in 1223 ms on 172.18.0.4 (executor 0) (1/2)
[2024-01-06T06:49:32.438+0000] {spark_submit.py:536} INFO - 24/01/06 06:49:32 INFO TaskSetManager: Finished task 0.0 in stage 0.0 (TID 0) in 1239 ms on 172.18.0.4 (executor 0) (2/2)
[2024-01-06T06:49:32.440+0000] {spark_submit.py:536} INFO - 24/01/06 06:49:32 INFO TaskSchedulerImpl: Removed TaskSet 0.0, whose tasks have all completed, from pool
[2024-01-06T06:49:32.450+0000] {spark_submit.py:536} INFO - 24/01/06 06:49:32 INFO PythonAccumulatorV2: Connected to AccumulatorServer at host: 127.0.0.1 port: 43607
[2024-01-06T06:49:32.461+0000] {spark_submit.py:536} INFO - 24/01/06 06:49:32 INFO DAGScheduler: ShuffleMapStage 0 (reduceByKey at /opt/***/jobs/python/wordcountjob.py:9) finished in 7.208 s
[2024-01-06T06:49:32.461+0000] {spark_submit.py:536} INFO - 24/01/06 06:49:32 INFO DAGScheduler: looking for newly runnable stages
[2024-01-06T06:49:32.462+0000] {spark_submit.py:536} INFO - 24/01/06 06:49:32 INFO DAGScheduler: running: Set()
[2024-01-06T06:49:32.462+0000] {spark_submit.py:536} INFO - 24/01/06 06:49:32 INFO DAGScheduler: waiting: Set(ResultStage 1)
[2024-01-06T06:49:32.462+0000] {spark_submit.py:536} INFO - 24/01/06 06:49:32 INFO DAGScheduler: failed: Set()
[2024-01-06T06:49:32.466+0000] {spark_submit.py:536} INFO - 24/01/06 06:49:32 INFO DAGScheduler: Submitting ResultStage 1 (PythonRDD[5] at collect at /opt/***/jobs/python/wordcountjob.py:11), which has no missing parents
[2024-01-06T06:49:32.474+0000] {spark_submit.py:536} INFO - 24/01/06 06:49:32 INFO MemoryStore: Block broadcast_1 stored as values in memory (estimated size 10.1 KiB, free 434.4 MiB)
[2024-01-06T06:49:32.477+0000] {spark_submit.py:536} INFO - 24/01/06 06:49:32 INFO MemoryStore: Block broadcast_1_piece0 stored as bytes in memory (estimated size 6.1 KiB, free 434.4 MiB)
[2024-01-06T06:49:32.478+0000] {spark_submit.py:536} INFO - 24/01/06 06:49:32 INFO BlockManagerInfo: Added broadcast_1_piece0 in memory on 2e2e3a50c188:44701 (size: 6.1 KiB, free: 434.4 MiB)
[2024-01-06T06:49:32.478+0000] {spark_submit.py:536} INFO - 24/01/06 06:49:32 INFO SparkContext: Created broadcast 1 from broadcast at DAGScheduler.scala:1580
[2024-01-06T06:49:32.480+0000] {spark_submit.py:536} INFO - 24/01/06 06:49:32 INFO DAGScheduler: Submitting 2 missing tasks from ResultStage 1 (PythonRDD[5] at collect at /opt/***/jobs/python/wordcountjob.py:11) (first 15 tasks are for partitions Vector(0, 1))
[2024-01-06T06:49:32.481+0000] {spark_submit.py:536} INFO - 24/01/06 06:49:32 INFO TaskSchedulerImpl: Adding task set 1.0 with 2 tasks resource profile 0
[2024-01-06T06:49:32.488+0000] {spark_submit.py:536} INFO - 24/01/06 06:49:32 INFO TaskSetManager: Starting task 0.0 in stage 1.0 (TID 2) (172.18.0.4, executor 0, partition 0, NODE_LOCAL, 7437 bytes)
[2024-01-06T06:49:32.489+0000] {spark_submit.py:536} INFO - 24/01/06 06:49:32 INFO TaskSetManager: Starting task 1.0 in stage 1.0 (TID 3) (172.18.0.4, executor 0, partition 1, NODE_LOCAL, 7437 bytes)
[2024-01-06T06:49:32.519+0000] {spark_submit.py:536} INFO - 24/01/06 06:49:32 INFO BlockManagerInfo: Added broadcast_1_piece0 in memory on 172.18.0.4:44487 (size: 6.1 KiB, free: 434.4 MiB)
[2024-01-06T06:49:32.588+0000] {spark_submit.py:536} INFO - 24/01/06 06:49:32 INFO MapOutputTrackerMasterEndpoint: Asked to send map output locations for shuffle 0 to 172.18.0.4:38450
[2024-01-06T06:49:32.769+0000] {spark_submit.py:536} INFO - 24/01/06 06:49:32 INFO TaskSetManager: Finished task 1.0 in stage 1.0 (TID 3) in 280 ms on 172.18.0.4 (executor 0) (1/2)
[2024-01-06T06:49:32.787+0000] {spark_submit.py:536} INFO - 24/01/06 06:49:32 INFO TaskSetManager: Finished task 0.0 in stage 1.0 (TID 2) in 301 ms on 172.18.0.4 (executor 0) (2/2)
[2024-01-06T06:49:32.787+0000] {spark_submit.py:536} INFO - 24/01/06 06:49:32 INFO TaskSchedulerImpl: Removed TaskSet 1.0, whose tasks have all completed, from pool
[2024-01-06T06:49:32.789+0000] {spark_submit.py:536} INFO - 24/01/06 06:49:32 INFO DAGScheduler: ResultStage 1 (collect at /opt/***/jobs/python/wordcountjob.py:11) finished in 0.316 s
[2024-01-06T06:49:32.792+0000] {spark_submit.py:536} INFO - 24/01/06 06:49:32 INFO DAGScheduler: Job 0 is finished. Cancelling potential speculative or zombie tasks for this job
[2024-01-06T06:49:32.792+0000] {spark_submit.py:536} INFO - 24/01/06 06:49:32 INFO TaskSchedulerImpl: Killing all running tasks in stage 1: Stage finished
[2024-01-06T06:49:32.794+0000] {spark_submit.py:536} INFO - 24/01/06 06:49:32 INFO DAGScheduler: Job 0 finished: collect at /opt/***/jobs/python/wordcountjob.py:11, took 7.661869 s
[2024-01-06T06:49:32.810+0000] {spark_submit.py:536} INFO - Python 1
[2024-01-06T06:49:32.811+0000] {spark_submit.py:536} INFO - Airflow 1
[2024-01-06T06:49:32.811+0000] {spark_submit.py:536} INFO - Docker 1
[2024-01-06T06:49:32.811+0000] {spark_submit.py:536} INFO - and 1
[2024-01-06T06:49:32.811+0000] {spark_submit.py:536} INFO - Yusuf 1
[2024-01-06T06:49:32.812+0000] {spark_submit.py:536} INFO - Hello 5
[2024-01-06T06:49:32.812+0000] {spark_submit.py:536} INFO - Spark 1
[2024-01-06T06:49:32.812+0000] {spark_submit.py:536} INFO - 24/01/06 06:49:32 INFO SparkContext: SparkContext is stopping with exitCode 0.
[2024-01-06T06:49:32.822+0000] {spark_submit.py:536} INFO - 24/01/06 06:49:32 INFO SparkUI: Stopped Spark web UI at http://2e2e3a50c188:4040
[2024-01-06T06:49:32.827+0000] {spark_submit.py:536} INFO - 24/01/06 06:49:32 INFO StandaloneSchedulerBackend: Shutting down all executors
[2024-01-06T06:49:32.827+0000] {spark_submit.py:536} INFO - 24/01/06 06:49:32 INFO StandaloneSchedulerBackend$StandaloneDriverEndpoint: Asking each executor to shut down
[2024-01-06T06:49:32.844+0000] {spark_submit.py:536} INFO - 24/01/06 06:49:32 INFO MapOutputTrackerMasterEndpoint: MapOutputTrackerMasterEndpoint stopped!
[2024-01-06T06:49:32.857+0000] {spark_submit.py:536} INFO - 24/01/06 06:49:32 INFO MemoryStore: MemoryStore cleared
[2024-01-06T06:49:32.858+0000] {spark_submit.py:536} INFO - 24/01/06 06:49:32 INFO BlockManager: BlockManager stopped
[2024-01-06T06:49:32.865+0000] {spark_submit.py:536} INFO - 24/01/06 06:49:32 INFO BlockManagerMaster: BlockManagerMaster stopped
[2024-01-06T06:49:32.868+0000] {spark_submit.py:536} INFO - 24/01/06 06:49:32 INFO OutputCommitCoordinator$OutputCommitCoordinatorEndpoint: OutputCommitCoordinator stopped!
[2024-01-06T06:49:32.876+0000] {spark_submit.py:536} INFO - 24/01/06 06:49:32 INFO SparkContext: Successfully stopped SparkContext
[2024-01-06T06:49:33.851+0000] {spark_submit.py:536} INFO - 24/01/06 06:49:33 INFO ShutdownHookManager: Shutdown hook called
[2024-01-06T06:49:33.851+0000] {spark_submit.py:536} INFO - 24/01/06 06:49:33 INFO ShutdownHookManager: Deleting directory /tmp/spark-fb6c3481-1f04-4217-baaa-f781d4dd103c
[2024-01-06T06:49:33.855+0000] {spark_submit.py:536} INFO - 24/01/06 06:49:33 INFO ShutdownHookManager: Deleting directory /tmp/spark-fb6c3481-1f04-4217-baaa-f781d4dd103c/pyspark-ea399519-fec0-4ce0-919f-cb8e76e9f9e3
[2024-01-06T06:49:33.858+0000] {spark_submit.py:536} INFO - 24/01/06 06:49:33 INFO ShutdownHookManager: Deleting directory /tmp/spark-efb99395-0619-499c-ae2d-f18450f22c2b
[2024-01-06T06:49:33.906+0000] {taskinstance.py:1398} INFO - Marking task as SUCCESS. dag_id=sparking_flow, task_id=python_job, execution_date=20240106T064916, start_date=20240106T064919, end_date=20240106T064933
[2024-01-06T06:49:33.956+0000] {local_task_job_runner.py:228} INFO - Task exited with return code 0
[2024-01-06T06:49:34.009+0000] {taskinstance.py:2776} INFO - 1 downstream tasks scheduled from follow-on schedule check
