[2024-01-06T04:00:03.806+0000] {manager.py:487} INFO - Processing files using up to 2 processes at a time 
[2024-01-06T04:00:03.807+0000] {manager.py:488} INFO - Process each file at most once every 30 seconds
[2024-01-06T04:00:03.808+0000] {manager.py:489} INFO - Checking for new files in /opt/airflow/dags every 300 seconds
[2024-01-06T04:00:03.808+0000] {manager.py:759} INFO - Searching for files in /opt/airflow/dags
[2024-01-06T04:00:03.811+0000] {manager.py:762} INFO - There are 1 files in /opt/airflow/dags
[2024-01-06T04:00:14.449+0000] {manager.py:893} INFO - 
================================================================================
DAG File Processing Stats

File Path                           PID    Runtime      # DAGs    # Errors  Last Runtime    Last Run
----------------------------------  -----  ---------  --------  ----------  --------------  -------------------
/opt/airflow/dags/spark_airflow.py                           1           0  0.14s           2024-01-06T04:00:04
================================================================================
[2024-01-06T04:00:44.731+0000] {manager.py:893} INFO - 
================================================================================
DAG File Processing Stats

File Path                           PID    Runtime      # DAGs    # Errors  Last Runtime    Last Run
----------------------------------  -----  ---------  --------  ----------  --------------  -------------------
/opt/airflow/dags/spark_airflow.py                           1           0  0.14s           2024-01-06T04:00:34
================================================================================
[2024-01-06T04:01:15.028+0000] {manager.py:893} INFO - 
================================================================================
DAG File Processing Stats

File Path                           PID    Runtime      # DAGs    # Errors  Last Runtime    Last Run
----------------------------------  -----  ---------  --------  ----------  --------------  -------------------
/opt/airflow/dags/spark_airflow.py                           1           0  0.15s           2024-01-06T04:01:05
================================================================================
[2024-01-06T04:01:45.348+0000] {manager.py:893} INFO - 
================================================================================
DAG File Processing Stats

File Path                           PID    Runtime      # DAGs    # Errors  Last Runtime    Last Run
----------------------------------  -----  ---------  --------  ----------  --------------  -------------------
/opt/airflow/dags/spark_airflow.py                           1           0  0.15s           2024-01-06T04:01:35
================================================================================
[2024-01-06T04:02:15.625+0000] {manager.py:893} INFO - 
================================================================================
DAG File Processing Stats

File Path                           PID    Runtime      # DAGs    # Errors  Last Runtime    Last Run
----------------------------------  -----  ---------  --------  ----------  --------------  -------------------
/opt/airflow/dags/spark_airflow.py                           1           0  0.10s           2024-01-06T04:02:05
================================================================================
[2024-01-06T04:02:45.900+0000] {manager.py:893} INFO - 
================================================================================
DAG File Processing Stats

File Path                           PID    Runtime      # DAGs    # Errors  Last Runtime    Last Run
----------------------------------  -----  ---------  --------  ----------  --------------  -------------------
/opt/airflow/dags/spark_airflow.py                           1           0  0.12s           2024-01-06T04:02:35
================================================================================
[2024-01-06T04:03:16.180+0000] {manager.py:893} INFO - 
================================================================================
DAG File Processing Stats

File Path                           PID    Runtime      # DAGs    # Errors  Last Runtime    Last Run
----------------------------------  -----  ---------  --------  ----------  --------------  -------------------
/opt/airflow/dags/spark_airflow.py                           1           0  0.12s           2024-01-06T04:03:06
================================================================================
[2024-01-06T04:03:46.429+0000] {manager.py:893} INFO - 
================================================================================
DAG File Processing Stats

File Path                           PID    Runtime      # DAGs    # Errors  Last Runtime    Last Run
----------------------------------  -----  ---------  --------  ----------  --------------  -------------------
/opt/airflow/dags/spark_airflow.py                           1           0  0.11s           2024-01-06T04:03:36
================================================================================
[2024-01-06T04:04:16.627+0000] {manager.py:893} INFO - 
================================================================================
DAG File Processing Stats

File Path                           PID    Runtime      # DAGs    # Errors  Last Runtime    Last Run
----------------------------------  -----  ---------  --------  ----------  --------------  -------------------
/opt/airflow/dags/spark_airflow.py                           1           0  0.14s           2024-01-06T04:04:06
================================================================================
[2024-01-06T04:04:31.104+0000] {manager.py:469} INFO - Exiting gracefully upon receiving signal 15
